\BOOKMARK [1][-]{section.0}{\376\377\000I\000n\000t\000r\000o\000d\000u\000c\000t\000i\000o\000n}{}% 1
\BOOKMARK [1][-]{section.1}{\376\377\000T\000a\000s\000k\000\040\0001}{}% 2
\BOOKMARK [2][-]{subsection.1.1}{\376\377\000I\000n\000t\000r\000o\000d\000u\000c\000t\000i\000o\000n}{section.1}% 3
\BOOKMARK [2][-]{subsection.1.2}{\376\377\000A\000n\000s\000w\000e\000r}{section.1}% 4
\BOOKMARK [2][-]{subsection.1.3}{\376\377\000C\000o\000n\000c\000l\000u\000s\000i\000o\000n}{section.1}% 5
\BOOKMARK [1][-]{section.2}{\376\377\000T\000a\000s\000k\000\040\0002}{}% 6
\BOOKMARK [2][-]{subsection.2.1}{\376\377\000I\000n\000t\000r\000o\000d\000u\000c\000t\000i\000o\000n}{section.2}% 7
\BOOKMARK [2][-]{subsection.2.2}{\376\377\000A\000n\000s\000w\000e\000r}{section.2}% 8
\BOOKMARK [2][-]{subsection.2.3}{\376\377\000C\000o\000n\000c\000l\000u\000s\000i\000o\000n}{section.2}% 9
\BOOKMARK [1][-]{section.3}{\376\377\000T\000a\000s\000k\000\040\0003}{}% 10
\BOOKMARK [2][-]{subsection.3.1}{\376\377\000I\000n\000t\000r\000o\000d\000u\000c\000t\000i\000o\000n}{section.3}% 11
\BOOKMARK [2][-]{subsection.3.2}{\376\377\000A\000n\000s\000w\000e\000r}{section.3}% 12
\BOOKMARK [2][-]{subsection.3.3}{\376\377\000C\000o\000n\000c\000l\000u\000s\000i\000o\000n}{section.3}% 13
\BOOKMARK [1][-]{section.4}{\376\377\000T\000a\000s\000k\000\040\0004}{}% 14
\BOOKMARK [2][-]{subsection.4.1}{\376\377\000I\000n\000t\000r\000o\000d\000u\000c\000t\000i\000o\000n}{section.4}% 15
\BOOKMARK [2][-]{subsection.4.2}{\376\377\000A\000n\000s\000w\000e\000r}{section.4}% 16
\BOOKMARK [2][-]{subsection.4.3}{\376\377\000C\000o\000n\000c\000l\000u\000s\000i\000o\000n}{section.4}% 17
\BOOKMARK [1][-]{section.5}{\376\377\000T\000a\000s\000k\000\040\0005}{}% 18
\BOOKMARK [2][-]{subsection.5.1}{\376\377\000I\000n\000t\000r\000o\000d\000u\000c\000t\000i\000o\000n}{section.5}% 19
\BOOKMARK [2][-]{subsection.5.2}{\376\377\000A\000n\000s\000w\000e\000r}{section.5}% 20
\BOOKMARK [2][-]{subsection.5.3}{\376\377\000C\000o\000n\000c\000l\000u\000s\000i\000o\000n}{section.5}% 21
\BOOKMARK [1][-]{section.6}{\376\377\000T\000a\000s\000k\000\040\0006}{}% 22
\BOOKMARK [2][-]{subsection.6.1}{\376\377\000I\000n\000t\000r\000o\000d\000u\000c\000t\000i\000o\000n}{section.6}% 23
\BOOKMARK [2][-]{subsection.6.2}{\376\377\000A\000n\000s\000w\000e\000r}{section.6}% 24
\BOOKMARK [2][-]{subsection.6.3}{\376\377\000C\000o\000n\000c\000l\000u\000s\000i\000o\000n}{section.6}% 25
\BOOKMARK [1][-]{section.7}{\376\377\000T\000a\000s\000k\000\040\0007}{}% 26
\BOOKMARK [2][-]{subsection.7.1}{\376\377\000I\000n\000t\000r\000o\000d\000u\000c\000t\000i\000o\000n}{section.7}% 27
\BOOKMARK [2][-]{subsection.7.2}{\376\377\000A\000n\000s\000w\000e\000r}{section.7}% 28
\BOOKMARK [2][-]{subsection.7.3}{\376\377\000C\000o\000n\000c\000l\000u\000s\000i\000o\000n}{section.7}% 29
\BOOKMARK [1][-]{section.8}{\376\377\000T\000a\000s\000k\000\040\0008}{}% 30
\BOOKMARK [2][-]{subsection.8.1}{\376\377\000I\000n\000t\000r\000o\000d\000u\000c\000t\000i\000o\000n}{section.8}% 31
\BOOKMARK [2][-]{subsection.8.2}{\376\377\000A\000n\000s\000w\000e\000r}{section.8}% 32
\BOOKMARK [2][-]{subsection.8.3}{\376\377\000C\000o\000n\000c\000l\000u\000s\000i\000o\000n}{section.8}% 33
\BOOKMARK [1][-]{section.9}{\376\377\000T\000a\000s\000k\000\040\0009}{}% 34
\BOOKMARK [2][-]{subsection.9.1}{\376\377\000I\000n\000t\000r\000o\000d\000u\000c\000t\000i\000o\000n}{section.9}% 35
\BOOKMARK [2][-]{subsection.9.2}{\376\377\000A\000n\000s\000w\000e\000r}{section.9}% 36
\BOOKMARK [2][-]{subsection.9.3}{\376\377\000C\000o\000n\000c\000l\000u\000s\000i\000o\000n}{section.9}% 37
\BOOKMARK [1][-]{section.10}{\376\377\000T\000a\000s\000k\000\040\0001\0000}{}% 38
\BOOKMARK [2][-]{subsection.10.1}{\376\377\000I\000n\000t\000r\000o\000d\000u\000c\000t\000i\000o\000n}{section.10}% 39
\BOOKMARK [2][-]{subsection.10.2}{\376\377\000A\000n\000s\000w\000e\000r}{section.10}% 40
\BOOKMARK [2][-]{subsection.10.3}{\376\377\000C\000o\000n\000c\000l\000u\000s\000i\000o\000n}{section.10}% 41
\BOOKMARK [1][-]{section.11}{\376\377\000T\000a\000s\000k\000\040\0001\0001}{}% 42
\BOOKMARK [2][-]{subsection.11.1}{\376\377\000T\000a\000s\000k\000\040\0001\0001\000a}{section.11}% 43
\BOOKMARK [3][-]{subsubsection.11.1.1}{\376\377\000I\000n\000t\000r\000o\000d\000u\000c\000t\000i\000o\000n}{subsection.11.1}% 44
\BOOKMARK [3][-]{subsubsection.11.1.2}{\376\377\000A\000n\000s\000w\000e\000r}{subsection.11.1}% 45
\BOOKMARK [3][-]{subsubsection.11.1.3}{\376\377\000C\000o\000n\000c\000l\000u\000s\000i\000o\000n}{subsection.11.1}% 46
\BOOKMARK [2][-]{subsection.11.2}{\376\377\000T\000a\000s\000k\000\040\0001\0001\000b}{section.11}% 47
\BOOKMARK [3][-]{subsubsection.11.2.1}{\376\377\000I\000n\000t\000r\000o\000d\000u\000c\000t\000i\000o\000n}{subsection.11.2}% 48
\BOOKMARK [3][-]{subsubsection.11.2.2}{\376\377\000A\000n\000s\000w\000e\000r}{subsection.11.2}% 49
\BOOKMARK [3][-]{subsubsection.11.2.3}{\376\377\000C\000o\000n\000c\000l\000u\000s\000i\000o\000n}{subsection.11.2}% 50
\BOOKMARK [2][-]{subsection.11.3}{\376\377\000T\000a\000s\000k\000\040\0001\0001\000c}{section.11}% 51
\BOOKMARK [3][-]{subsubsection.11.3.1}{\376\377\000I\000n\000t\000r\000o\000d\000u\000c\000t\000i\000o\000n}{subsection.11.3}% 52
\BOOKMARK [3][-]{subsubsection.11.3.2}{\376\377\000A\000n\000s\000w\000e\000r}{subsection.11.3}% 53
\BOOKMARK [3][-]{subsubsection.11.3.3}{\376\377\000C\000o\000n\000c\000l\000u\000s\000i\000o\000n}{subsection.11.3}% 54
\BOOKMARK [1][-]{section.12}{\376\377\000C\000o\000n\000c\000l\000u\000s\000i\000o\000n}{}% 55
