\BOOKMARK [1][-]{section.1}{\376\377\000I\000n\000t\000r\000o\000d\000u\000c\000t\000i\000o\000n}{}% 1
\BOOKMARK [1][-]{section.2}{\376\377\000E\000x\000e\000r\000c\000i\000s\000e\000\040\0000\0000}{}% 2
\BOOKMARK [1][-]{section.3}{\376\377\000E\000x\000e\000r\000c\000i\000s\000e\000\040\0000\0008\000\040\000i\000n\000\040\000W\000e\000e\000k\000\040\0000\0007}{}% 3
\BOOKMARK [2][-]{subsection.3.1}{\376\377\000I\000n\000t\000r\000o\000d\000u\000c\000t\000i\000o\000n}{section.3}% 4
\BOOKMARK [2][-]{subsection.3.2}{\376\377\000A\000n\000s\000w\000e\000r}{section.3}% 5
\BOOKMARK [2][-]{subsection.3.3}{\376\377\000C\000o\000n\000c\000l\000u\000s\000i\000o\000n}{section.3}% 6
\BOOKMARK [1][-]{section.4}{\376\377\000E\000x\000e\000r\000c\000i\000s\000e\000\040\0000\0001\000\040\000i\000n\000\040\000W\000e\000e\000k\000\040\0000\0008}{}% 7
\BOOKMARK [2][-]{subsection.4.1}{\376\377\000I\000n\000t\000r\000o\000d\000u\000c\000t\000i\000o\000n}{section.4}% 8
\BOOKMARK [2][-]{subsection.4.2}{\376\377\000A\000n\000s\000w\000e\000r}{section.4}% 9
\BOOKMARK [2][-]{subsection.4.3}{\376\377\000C\000o\000n\000c\000l\000u\000s\000i\000o\000n}{section.4}% 10
\BOOKMARK [1][-]{section.5}{\376\377\000E\000x\000e\000r\000c\000i\000s\000e\000\040\0000\0002\000\040\000i\000n\000\040\000W\000e\000e\000k\000\040\0000\0008}{}% 11
\BOOKMARK [2][-]{subsection.5.1}{\376\377\000I\000n\000t\000r\000o\000d\000u\000c\000t\000i\000o\000n}{section.5}% 12
\BOOKMARK [2][-]{subsection.5.2}{\376\377\000A\000n\000s\000w\000e\000r}{section.5}% 13
\BOOKMARK [3][-]{subsubsection.5.2.1}{\376\377\000E\000x\000e\000r\000c\000i\000s\000e\000\040\0002\000a}{subsection.5.2}% 14
\BOOKMARK [3][-]{subsubsection.5.2.2}{\376\377\000E\000x\000e\000r\000c\000i\000s\000e\000\040\0002\000b}{subsection.5.2}% 15
\BOOKMARK [3][-]{subsubsection.5.2.3}{\376\377\000E\000x\000e\000r\000c\000i\000s\000e\000\040\0002\000c}{subsection.5.2}% 16
\BOOKMARK [3][-]{subsubsection.5.2.4}{\376\377\000E\000x\000e\000r\000c\000i\000s\000e\000\040\0002\000d}{subsection.5.2}% 17
\BOOKMARK [2][-]{subsection.5.3}{\376\377\000C\000o\000n\000c\000l\000u\000s\000i\000o\000n}{section.5}% 18
\BOOKMARK [1][-]{section.6}{\376\377\000E\000x\000e\000r\000c\000i\000s\000e\000\040\0000\0001\000:\000\040\000F\000o\000r\000m\000a\000l\000i\000z\000i\000n\000g\000\040\000S\000u\000m\000m\000a\000t\000i\000o\000n\000s}{}% 19
\BOOKMARK [2][-]{subsection.6.1}{\376\377\000I\000n\000t\000r\000o\000d\000u\000c\000t\000i\000o\000n}{section.6}% 20
\BOOKMARK [2][-]{subsection.6.2}{\376\377\000A\000n\000s\000w\000e\000r}{section.6}% 21
\BOOKMARK [3][-]{subsubsection.6.2.1}{\376\377\000F\000a\000c\000t\000o\000r\000i\000n\000g\000\040\000a\000\040\000M\000u\000l\000t\000i\000p\000l\000i\000c\000a\000t\000i\000v\000e\000\040\000C\000o\000n\000s\000t\000a\000n\000t}{subsection.6.2}% 22
\BOOKMARK [3][-]{subsubsection.6.2.2}{\376\377\000S\000w\000a\000p\000p\000i\000n\000g\000\040\000S\000u\000m\000m\000a\000t\000i\000o\000n\000s}{subsection.6.2}% 23
\BOOKMARK [3][-]{subsubsection.6.2.3}{\376\377\000W\000i\000t\000h\000\040\000T\000w\000o\000\040\000E\000q\000u\000i\000v\000a\000l\000e\000n\000t\000\040\000F\000u\000n\000c\000t\000i\000o\000n\000s}{subsection.6.2}% 24
\BOOKMARK [3][-]{subsubsection.6.2.4}{\376\377\000W\000i\000t\000h\000\040\000T\000w\000o\000\040\000E\000q\000u\000i\000v\000a\000l\000e\000n\000t\000\040\000F\000u\000n\000c\000t\000i\000o\000n\000s\000\040\000U\000p\000\040\000t\000o\000\040\000a\000\040\000B\000o\000u\000n\000d}{subsection.6.2}% 25
\BOOKMARK [3][-]{subsubsection.6.2.5}{\376\377\000W\000i\000t\000h\000\040\000a\000n\000\040\000A\000d\000d\000i\000t\000i\000o\000n\000\040\000F\000u\000n\000c\000t\000i\000o\000n}{subsection.6.2}% 26
\BOOKMARK [3][-]{subsubsection.6.2.6}{\376\377\000W\000i\000t\000h\000\040\000a\000\040\000C\000o\000n\000s\000t\000a\000n\000t\000\040\000F\000u\000n\000c\000t\000i\000o\000n}{subsection.6.2}% 27
\BOOKMARK [3][-]{subsubsection.6.2.7}{\376\377\000W\000i\000t\000h\000\040\000T\000w\000o\000\040\000S\000m\000a\000l\000l\000\040\000a\000\040\000F\000u\000n\000c\000t\000i\000o\000n}{subsection.6.2}% 28
\BOOKMARK [3][-]{subsubsection.6.2.8}{\376\377\000U\000p\000\040\000t\000o\000\040\000a\000\040\000P\000o\000s\000i\000t\000i\000v\000e\000\040\000S\000u\000m}{subsection.6.2}% 29
\BOOKMARK [3][-]{subsubsection.6.2.9}{\376\377\000R\000e\000l\000a\000t\000i\000n\000g\000\040\000S\000i\000g\000m\000a\000\040\000a\000n\000d\000\040\000S\000i\000g\000m\000a\0001}{subsection.6.2}% 30
\BOOKMARK [1][-]{section.7}{\376\377\000E\000x\000e\000r\000c\000i\000s\000e\000\040\0000\0002\000\040\000i\000n\000\040\000W\000e\000e\000k\000\040\0009}{}% 31
\BOOKMARK [2][-]{subsection.7.1}{\376\377\000I\000n\000t\000r\000o\000d\000u\000c\000t\000i\000o\000n}{section.7}% 32
\BOOKMARK [2][-]{subsection.7.2}{\376\377\000A\000n\000s\000w\000e\000r}{section.7}% 33
\BOOKMARK [3][-]{subsubsection.7.2.1}{\376\377\000F\000o\000r\000m\000a\000l\000i\000z\000e\000\040\000D\000e\000f\000i\000n\000i\000t\000i\000o\000n\000\040\0009\000\040\000i\000n\000\040\000C\000o\000q}{subsection.7.2}% 34
\BOOKMARK [3][-]{subsubsection.7.2.2}{\376\377\000F\000o\000r\000m\000a\000l\000i\000z\000e\000\040\000a\000n\000d\000\040\000P\000r\000o\000v\000e\000\040\000P\000r\000o\000p\000o\000s\000i\000t\000i\000o\000n\000\040\0001\0000\000\040\000i\000n\000\040\000C\000o\000q}{subsection.7.2}% 35
\BOOKMARK [3][-]{subsubsection.7.2.3}{\376\377\000F\000o\000r\000m\000a\000l\000i\000z\000e\000\040\000a\000n\000d\000\040\000P\000r\000o\000v\000e\000\040\000P\000r\000o\000p\000o\000s\000i\000t\000i\000o\000n\000\040\0001\0002\000\040\000i\000n\000\040\000C\000o\000q}{subsection.7.2}% 36
\BOOKMARK [3][-]{subsubsection.7.2.4}{\376\377\000F\000o\000r\000m\000a\000l\000i\000z\000e\000\040\000D\000e\000f\000i\000n\000i\000t\000i\000o\000n\000\040\0001\0003\000\040\000i\000n\000\040\000C\000o\000q}{subsection.7.2}% 37
\BOOKMARK [2][-]{subsection.7.3}{\376\377\000F\000o\000r\000m\000a\000l\000i\000z\000e\000\040\000a\000n\000d\000\040\000P\000r\000o\000v\000e\000\040\000P\000r\000o\000p\000o\000s\000i\000t\000i\000o\000n\000\040\0001\0004\000\040\000i\000n\000\040\000C\000o\000q}{section.7}% 38
\BOOKMARK [3][-]{subsubsection.7.3.1}{\376\377\000H\000o\000w\000\040\000d\000o\000e\000s\000\040\000y\000o\000u\000r\000\040\000f\000o\000r\000m\000a\000l\000i\000z\000a\000t\000i\000o\000n\000\040\000o\000f\000\040\000P\000r\000o\000p\000o\000s\000i\000t\000i\000o\000n\000\040\0001\0004\000\040\000c\000o\000m\000p\000a\000r\000e\000\040\000w\000i\000t\000h\000\040\000t\000h\000e\000\040\000i\000n\000f\000o\000r\000m\000a\000l\000\040\000p\000r\000o\000o\000f\000\040\000o\000f\000\040\000P\000r\000o\000p\000o\000s\000i\000t\000i\000o\000n\000\040\0001\0004\000?}{subsection.7.3}% 39
\BOOKMARK [3][-]{subsubsection.7.3.2}{\376\377\000S\000o\000l\000v\000e\000\040\000E\000x\000e\000r\000c\000i\000s\000e\000\040\0002\0005}{subsection.7.3}% 40
\BOOKMARK [3][-]{subsubsection.7.3.3}{\376\377\000F\000o\000r\000m\000a\000l\000i\000z\000e\000\040\000D\000e\000f\000i\000n\000i\000t\000i\000o\000n\000\040\0002\0007\000\040\000i\000n\000\040\000C\000o\000q}{subsection.7.3}% 41
\BOOKMARK [3][-]{subsubsection.7.3.4}{\376\377\000A\000r\000e\000\040\000D\000e\000f\000i\000n\000i\000t\000i\000o\000n\000s\000\040\0001\0003\000\040\000a\000n\000d\000\040\0002\0007\000\040\000e\000q\000u\000i\000v\000a\000l\000e\000n\000t\000?}{subsection.7.3}% 42
\BOOKMARK [3][-]{subsubsection.7.3.5}{\376\377\000F\000o\000r\000m\000a\000l\000i\000z\000e\000\040\000D\000e\000f\000i\000n\000i\000t\000i\000o\000n\000\040\0003\0005\000\040\000i\000n\000\040\000C\000o\000q}{subsection.7.3}% 43
\BOOKMARK [3][-]{subsubsection.7.3.6}{\376\377\000P\000r\000o\000v\000e\000\040\000P\000r\000o\000p\000o\000s\000i\000t\000i\000o\000n\000\040\0003\0006\000\040\000i\000n\000\040\000C\000o\000q}{subsection.7.3}% 44
\BOOKMARK [3][-]{subsubsection.7.3.7}{\376\377\000P\000r\000o\000v\000e\000\040\000P\000r\000o\000p\000o\000s\000i\000t\000i\000o\000n\000\040\0003\0008\000\040\000i\000n\000\040\000C\000o\000q}{subsection.7.3}% 45
\BOOKMARK [3][-]{subsubsection.7.3.8}{\376\377\000S\000o\000l\000v\000e\000\040\000E\000x\000e\000r\000c\000i\000s\000e\000\040\0004\0000}{subsection.7.3}% 46
\BOOKMARK [1][-]{section.8}{\376\377\000C\000o\000n\000c\000l\000u\000s\000i\000o\000n}{}% 47
