\BOOKMARK [1][-]{section.1}{\376\377\000I\000n\000t\000r\000o\000d\000u\000c\000t\000i\000o\000n}{}% 1
\BOOKMARK [1][-]{section.2}{\376\377\000E\000x\000e\000r\000c\000i\000s\000e\000\040\0000\0000}{}% 2
\BOOKMARK [1][-]{section.3}{\376\377\000E\000x\000e\000r\000c\000i\000s\000e\000\040\0000\0001}{}% 3
\BOOKMARK [2][-]{subsection.3.1}{\376\377\000I\000n\000t\000r\000o\000d\000u\000c\000t\000i\000o\000n}{section.3}% 4
\BOOKMARK [2][-]{subsection.3.2}{\376\377\000A\000n\000s\000w\000e\000r}{section.3}% 5
\BOOKMARK [2][-]{subsection.3.3}{\376\377\000C\000o\000n\000c\000l\000u\000s\000i\000o\000n}{section.3}% 6
\BOOKMARK [1][-]{section.4}{\376\377\000E\000x\000e\000r\000c\000i\000s\000e\000\040\0000\0002}{}% 7
\BOOKMARK [2][-]{subsection.4.1}{\376\377\000I\000n\000t\000r\000o\000d\000u\000c\000t\000i\000o\000n}{section.4}% 8
\BOOKMARK [2][-]{subsection.4.2}{\376\377\000A\000n\000s\000w\000e\000r}{section.4}% 9
\BOOKMARK [2][-]{subsection.4.3}{\376\377\000C\000o\000n\000c\000l\000u\000s\000i\000o\000n}{section.4}% 10
\BOOKMARK [1][-]{section.5}{\376\377\000E\000x\000e\000r\000c\000i\000s\000e\000\040\0000\0004}{}% 11
\BOOKMARK [2][-]{subsection.5.1}{\376\377\000I\000n\000t\000r\000o\000d\000u\000c\000t\000i\000o\000n}{section.5}% 12
\BOOKMARK [2][-]{subsection.5.2}{\376\377\000A\000n\000s\000w\000e\000r}{section.5}% 13
\BOOKMARK [2][-]{subsection.5.3}{\376\377\000C\000o\000n\000c\000l\000u\000s\000i\000o\000n}{section.5}% 14
\BOOKMARK [1][-]{section.6}{\376\377\000E\000x\000e\000r\000c\000i\000s\000e\000\040\0000\0005}{}% 15
\BOOKMARK [2][-]{subsection.6.1}{\376\377\000I\000n\000t\000r\000o\000d\000u\000c\000t\000i\000o\000n}{section.6}% 16
\BOOKMARK [2][-]{subsection.6.2}{\376\377\000A\000n\000s\000w\000e\000r}{section.6}% 17
\BOOKMARK [2][-]{subsection.6.3}{\376\377\000C\000o\000n\000c\000l\000u\000s\000i\000o\000n}{section.6}% 18
\BOOKMARK [1][-]{section.7}{\376\377\000E\000x\000e\000r\000c\000i\000s\000e\000\040\0001\0002}{}% 19
\BOOKMARK [2][-]{subsection.7.1}{\376\377\000I\000n\000t\000r\000o\000d\000u\000c\000t\000i\000o\000n}{section.7}% 20
\BOOKMARK [2][-]{subsection.7.2}{\376\377\000A\000n\000s\000w\000e\000r}{section.7}% 21
\BOOKMARK [2][-]{subsection.7.3}{\376\377\000C\000o\000n\000c\000l\000u\000s\000i\000o\000n}{section.7}% 22
\BOOKMARK [1][-]{section.8}{\376\377\000E\000x\000e\000r\000c\000i\000s\000e\000\040\0001\0003}{}% 23
\BOOKMARK [2][-]{subsection.8.1}{\376\377\000I\000n\000t\000r\000o\000d\000u\000c\000t\000i\000o\000n}{section.8}% 24
\BOOKMARK [2][-]{subsection.8.2}{\376\377\000A\000n\000s\000w\000e\000r}{section.8}% 25
\BOOKMARK [2][-]{subsection.8.3}{\376\377\000C\000o\000n\000c\000l\000u\000s\000i\000o\000n}{section.8}% 26
\BOOKMARK [1][-]{section.9}{\376\377\000E\000x\000e\000r\000c\000i\000s\000e\000\040\0001\0004}{}% 27
\BOOKMARK [2][-]{subsection.9.1}{\376\377\000I\000n\000t\000r\000o\000d\000u\000c\000t\000i\000o\000n}{section.9}% 28
\BOOKMARK [2][-]{subsection.9.2}{\376\377\000A\000n\000s\000w\000e\000r}{section.9}% 29
\BOOKMARK [2][-]{subsection.9.3}{\376\377\000C\000o\000n\000c\000l\000u\000s\000i\000o\000n}{section.9}% 30
\BOOKMARK [1][-]{section.10}{\376\377\000E\000x\000e\000r\000c\000i\000s\000e\000\040\0002\0005}{}% 31
\BOOKMARK [2][-]{subsection.10.1}{\376\377\000I\000n\000t\000r\000o\000d\000u\000c\000t\000i\000o\000n}{section.10}% 32
\BOOKMARK [2][-]{subsection.10.2}{\376\377\000A\000n\000s\000w\000e\000r}{section.10}% 33
\BOOKMARK [2][-]{subsection.10.3}{\376\377\000C\000o\000n\000c\000l\000u\000s\000i\000o\000n}{section.10}% 34
\BOOKMARK [1][-]{section.11}{\376\377\000C\000o\000n\000c\000l\000u\000s\000i\000o\000n}{}% 35
