\BOOKMARK [1][-]{section.1}{\376\377\000I\000n\000t\000r\000o\000d\000u\000c\000t\000i\000o\000n}{}% 1
\BOOKMARK [1][-]{section.2}{\376\377\000E\000x\000e\000r\000c\000i\000s\000e\000\040\0000\0000}{}% 2
\BOOKMARK [2][-]{subsection.2.1}{\376\377\000I\000n\000t\000r\000o\000d\000u\000c\000t\000i\000o\000n}{section.2}% 3
\BOOKMARK [1][-]{section.3}{\376\377\000E\000x\000e\000r\000c\000i\000s\000e\000\040\0000\0001}{}% 4
\BOOKMARK [2][-]{subsection.3.1}{\376\377\000I\000n\000t\000r\000o\000d\000u\000c\000t\000i\000o\000n}{section.3}% 5
\BOOKMARK [2][-]{subsection.3.2}{\376\377\000A\000n\000s\000w\000e\000r}{section.3}% 6
\BOOKMARK [2][-]{subsection.3.3}{\376\377\000C\000o\000n\000c\000l\000u\000s\000i\000o\000n}{section.3}% 7
\BOOKMARK [1][-]{section.4}{\376\377\000E\000x\000e\000r\000c\000i\000s\000e\000\040\0000\0003}{}% 8
\BOOKMARK [2][-]{subsection.4.1}{\376\377\000I\000n\000t\000r\000o\000d\000u\000c\000t\000i\000o\000n}{section.4}% 9
\BOOKMARK [2][-]{subsection.4.2}{\376\377\000A\000n\000s\000w\000e\000r}{section.4}% 10
\BOOKMARK [2][-]{subsection.4.3}{\376\377\000C\000o\000n\000c\000l\000u\000s\000i\000o\000n}{section.4}% 11
\BOOKMARK [1][-]{section.5}{\376\377\000E\000x\000e\000r\000c\000i\000s\000e\000\040\0000\0004}{}% 12
\BOOKMARK [2][-]{subsection.5.1}{\376\377\000I\000n\000t\000r\000o\000d\000u\000c\000t\000i\000o\000n}{section.5}% 13
\BOOKMARK [2][-]{subsection.5.2}{\376\377\000A\000n\000s\000w\000e\000r}{section.5}% 14
\BOOKMARK [3][-]{subsubsection.5.2.1}{\376\377\000R\000e\000f\000l\000e\000x\000i\000v\000i\000t\000y}{subsection.5.2}% 15
\BOOKMARK [3][-]{subsubsection.5.2.2}{\376\377\000S\000y\000m\000m\000e\000t\000r\000y}{subsection.5.2}% 16
\BOOKMARK [3][-]{subsubsection.5.2.3}{\376\377\000T\000r\000a\000n\000s\000i\000t\000i\000v\000i\000t\000y}{subsection.5.2}% 17
\BOOKMARK [2][-]{subsection.5.3}{\376\377\000C\000o\000n\000c\000l\000u\000s\000i\000o\000n}{section.5}% 18
\BOOKMARK [1][-]{section.6}{\376\377\000O\000p\000t\000i\000o\000n\000a\000l\000\040\000e\000x\000e\000r\000c\000i\000s\000e\000s}{}% 19
\BOOKMARK [2][-]{subsection.6.1}{\376\377\000I\000n\000t\000r\000o\000d\000u\000c\000t\000i\000o\000n}{section.6}% 20
\BOOKMARK [2][-]{subsection.6.2}{\376\377\000A\000n\000s\000w\000e\000r}{section.6}% 21
\BOOKMARK [2][-]{subsection.6.3}{\376\377\000C\000o\000n\000c\000l\000u\000s\000i\000o\000n}{section.6}% 22
\BOOKMARK [1][-]{section.7}{\376\377\000C\000o\000n\000c\000l\000u\000s\000i\000o\000n}{}% 23
